22:50:13.635 [main] INFO  - Goto my account-->Click on Login.. 
22:50:14.158 [main] INFO  - Entering email and password.. 
22:50:14.880 [main] INFO  - clicked on login button...
22:51:40.329 [main] INFO  - Goto my account-->Click on Login.. 
22:51:40.808 [main] INFO  - Entering email and password.. 
22:51:41.517 [main] INFO  - clicked on login button...
22:52:55.982 [main] INFO  - Goto my account-->Click on Login.. 
22:52:56.540 [main] INFO  - Entering email and password.. 
22:52:56.845 [main] INFO  - clicked on login button...
22:53:33.680 [main] INFO  - Goto my account-->Click on Login.. 
22:53:34.115 [main] INFO  - Entering email and password.. 
22:53:34.371 [main] INFO  - clicked on login button...
23:02:24.432 [main] INFO  - Goto my account-->Click on Login.. 
23:02:24.951 [main] INFO  - Entering email and password.. 
23:02:25.251 [main] INFO  - clicked on login button...
23:10:45.011 [main] INFO  - Goto my account-->Click on Login.. 
23:10:45.448 [main] INFO  - Entering email and password.. 
23:10:45.800 [main] INFO  - clicked on login button...
23:12:56.394 [main] INFO  - Goto my account-->Click on Login.. 
23:12:56.821 [main] INFO  - Entering email and password.. 
23:12:57.161 [main] INFO  - clicked on login button...
23:13:27.674 [main] INFO  - Goto my account-->Click on Login.. 
23:13:28.089 [main] INFO  - Entering email and password.. 
23:13:28.391 [main] INFO  - clicked on login button...
23:13:37.661 [main] INFO  - Goto my account-->Click on Login.. 
23:13:38.055 [main] INFO  - Entering email and password.. 
23:13:38.381 [main] INFO  - clicked on login button...
23:19:12.717 [main] INFO  - Goto my account-->Click on Login.. 
23:19:13.262 [main] INFO  - Entering email and password.. 
23:19:13.980 [main] INFO  - clicked on login button...
23:21:54.678 [main] INFO  - Goto my account-->Click on Login.. 
23:21:55.098 [main] INFO  - Entering email and password.. 
23:21:55.378 [main] INFO  - clicked on login button...
23:29:01.403 [main] INFO  - Goto my account-->Click on Login.. 
23:29:02.078 [main] INFO  - Entering email and password.. 
23:29:02.864 [main] INFO  - clicked on login button...
23:31:52.551 [main] INFO  - Goto my account-->Click on Login.. 
23:31:52.954 [main] INFO  - Entering email and password.. 
23:31:53.609 [main] INFO  - clicked on login button...
23:33:39.760 [main] INFO  - Goto my account-->Click on Login.. 
23:33:40.222 [main] INFO  - Entering email and password.. 
23:33:40.519 [main] INFO  - clicked on login button...
16:47:04.491 [main] INFO  - Goto my account-->Click on Login.. 
16:47:05.711 [main] DEBUG - Parsing relationship: /xl/_rels/workbook.xml.rels
16:47:05.714 [main] DEBUG - Parsing relationship: /xl/worksheets/_rels/sheet1.xml.rels
16:47:05.715 [main] DEBUG - Parsing relationship: /_rels/.rels
16:47:05.869 [main] TRACE - Loading type system org.apache.poi.schemas.ooxml.system.ooxml
16:47:05.873 [main] TRACE - Loading type system org.apache.xmlbeans.metadata.system.sXMLCONFIG
16:47:05.873 [main] TRACE - Loading type system org.apache.xmlbeans.metadata.system.sXMLLANG
16:47:05.874 [main] TRACE - Loading type system org.apache.xmlbeans.metadata.system.sXMLSCHEMA
16:47:05.874 [main] TRACE - Loading type system org.apache.xmlbeans.metadata.system.sXMLTOOLS
16:47:05.875 [main] TRACE - Reading unresolved handles for type system org.apache.xmlbeans.metadata.system.sXMLTOOLS
16:47:05.886 [main] TRACE - Finished loading type system org.apache.xmlbeans.metadata.system.sXMLTOOLS
16:47:05.887 [main] TRACE - Reading unresolved handles for type system org.apache.xmlbeans.metadata.system.sXMLSCHEMA
16:47:05.890 [main] TRACE - Finished loading type system org.apache.xmlbeans.metadata.system.sXMLSCHEMA
16:47:05.890 [main] TRACE - Reading unresolved handles for type system org.apache.xmlbeans.metadata.system.sXMLLANG
16:47:05.891 [main] TRACE - Finished loading type system org.apache.xmlbeans.metadata.system.sXMLLANG
16:47:05.891 [main] TRACE - Reading unresolved handles for type system org.apache.xmlbeans.metadata.system.sXMLCONFIG
16:47:05.892 [main] TRACE - Finished loading type system org.apache.xmlbeans.metadata.system.sXMLCONFIG
16:47:05.979 [main] TRACE - Reading unresolved handles for type system org.apache.poi.schemas.ooxml.system.ooxml
16:47:06.035 [main] TRACE - Finished loading type system org.apache.poi.schemas.ooxml.system.ooxml
16:47:06.035 [main] TRACE - Resolving type for handle themefd26doctype
16:47:06.096 [main] TRACE - Resolving type for handle stylesheet5d8bdoctype
16:47:06.102 [main] TRACE - Resolving type for handle ctstylesheet4257type
16:47:06.107 [main] TRACE - Resolving type for handle ctfonts6623type
16:47:06.111 [main] TRACE - Resolving type for handle ctfont14d8type
16:47:06.120 [main] TRACE - Resolving type for handle ctfills2c6ftype
16:47:06.123 [main] TRACE - Resolving type for handle ctfill550ctype
16:47:06.125 [main] TRACE - Resolving type for handle ctborders0d66type
16:47:06.130 [main] TRACE - Resolving type for handle ctborderf935type
16:47:06.134 [main] TRACE - Resolving type for handle ctcellxfs1322type
16:47:06.137 [main] TRACE - Resolving type for handle ctxf97f7type
16:47:06.141 [main] TRACE - Resolving type for handle ctcellstylexfsa81ftype
16:47:06.143 [main] TRACE - Resolving type for handle ctdxfsb26atype
16:47:06.146 [main] TRACE - Resolving type for handle cttablestyles872ftype
16:47:06.152 [main] TRACE - Resolving type for handle sstf81fdoctype
16:47:06.156 [main] TRACE - Resolving type for handle ctsst44f3type
16:47:06.164 [main] TRACE - Resolving type for handle ctrsta472type
16:47:06.193 [main] DEBUG - using default POIXMLDocumentPart for http://schemas.openxmlformats.org/officeDocument/2006/relationships/printerSettings
16:47:06.194 [main] TRACE - Resolving type for handle workbookec17doctype
16:47:06.203 [main] TRACE - Resolving type for handle ctworkbook83c3type
16:47:06.211 [main] TRACE - Resolving type for handle ctsheets49fdtype
16:47:06.214 [main] TRACE - Resolving type for handle ctsheet4dbetype
16:47:06.216 [main] TRACE - Resolving type for handle strelationshipid1e94type
16:47:06.218 [main] TRACE - Resolving type for handle worksheetf539doctype
16:47:06.223 [main] TRACE - Resolving type for handle ctworksheet530dtype
16:47:06.231 [main] TRACE - Resolving type for handle ctcols627ctype
16:47:06.238 [main] TRACE - Resolving type for handle ctcola95ftype
16:47:06.253 [main] TRACE - Resolving type for handle ctsheetdata8408type
16:47:06.258 [main] TRACE - Resolving type for handle ctrowdd39type
16:47:06.263 [main] TRACE - Resolving type for handle ctcell842btype
16:47:06.271 [main] TRACE - Resolving type for handle stcellrefe4e0type
16:47:06.279 [main] TRACE - Resolving type for handle cthyperlinks6416type
16:47:06.281 [main] TRACE - Resolving type for handle cthyperlink0c85type
16:47:06.286 [main] TRACE - Resolving type for handle stxstringf179type
16:47:06.289 [main] TRACE - Resolving type for handle stcelltypebf95type
16:47:10.566 [main] INFO  - Goto my account-->Click on Login.. 
16:47:11.059 [main] DEBUG - Parsing relationship: /xl/_rels/workbook.xml.rels
16:47:11.060 [main] DEBUG - Parsing relationship: /xl/worksheets/_rels/sheet1.xml.rels
16:47:11.061 [main] DEBUG - Parsing relationship: /_rels/.rels
16:47:11.072 [main] DEBUG - using default POIXMLDocumentPart for http://schemas.openxmlformats.org/officeDocument/2006/relationships/printerSettings
16:47:24.371 [main] INFO  - Goto my account-->Click on Login.. 
16:47:24.910 [main] DEBUG - Parsing relationship: /xl/_rels/workbook.xml.rels
16:47:24.911 [main] DEBUG - Parsing relationship: /xl/worksheets/_rels/sheet1.xml.rels
16:47:24.911 [main] DEBUG - Parsing relationship: /_rels/.rels
16:47:24.919 [main] DEBUG - using default POIXMLDocumentPart for http://schemas.openxmlformats.org/officeDocument/2006/relationships/printerSettings
16:47:29.530 [main] INFO  - Goto my account-->Click on Login.. 
16:47:30.016 [main] DEBUG - Parsing relationship: /xl/_rels/workbook.xml.rels
16:47:30.018 [main] DEBUG - Parsing relationship: /xl/worksheets/_rels/sheet1.xml.rels
16:47:30.020 [main] DEBUG - Parsing relationship: /_rels/.rels
16:47:30.027 [main] DEBUG - using default POIXMLDocumentPart for http://schemas.openxmlformats.org/officeDocument/2006/relationships/printerSettings
16:47:44.275 [main] INFO  - Goto my account-->Click on Login.. 
16:47:44.768 [main] DEBUG - Parsing relationship: /xl/_rels/workbook.xml.rels
16:47:44.769 [main] DEBUG - Parsing relationship: /xl/worksheets/_rels/sheet1.xml.rels
16:47:44.771 [main] DEBUG - Parsing relationship: /_rels/.rels
16:47:44.786 [main] DEBUG - using default POIXMLDocumentPart for http://schemas.openxmlformats.org/officeDocument/2006/relationships/printerSettings
16:51:55.262 [main] INFO  - Goto my account-->Click on Login.. 
16:51:55.764 [main] DEBUG - Parsing relationship: /xl/_rels/workbook.xml.rels
16:51:55.767 [main] DEBUG - Parsing relationship: /xl/worksheets/_rels/sheet1.xml.rels
16:51:55.770 [main] DEBUG - Parsing relationship: /_rels/.rels
16:51:55.894 [main] TRACE - Loading type system org.apache.poi.schemas.ooxml.system.ooxml
16:51:55.896 [main] TRACE - Loading type system org.apache.xmlbeans.metadata.system.sXMLCONFIG
16:51:55.897 [main] TRACE - Loading type system org.apache.xmlbeans.metadata.system.sXMLLANG
16:51:55.897 [main] TRACE - Loading type system org.apache.xmlbeans.metadata.system.sXMLSCHEMA
16:51:55.897 [main] TRACE - Loading type system org.apache.xmlbeans.metadata.system.sXMLTOOLS
16:51:55.898 [main] TRACE - Reading unresolved handles for type system org.apache.xmlbeans.metadata.system.sXMLTOOLS
16:51:55.913 [main] TRACE - Finished loading type system org.apache.xmlbeans.metadata.system.sXMLTOOLS
16:51:55.914 [main] TRACE - Reading unresolved handles for type system org.apache.xmlbeans.metadata.system.sXMLSCHEMA
16:51:55.917 [main] TRACE - Finished loading type system org.apache.xmlbeans.metadata.system.sXMLSCHEMA
16:51:55.918 [main] TRACE - Reading unresolved handles for type system org.apache.xmlbeans.metadata.system.sXMLLANG
16:51:55.919 [main] TRACE - Finished loading type system org.apache.xmlbeans.metadata.system.sXMLLANG
16:51:55.919 [main] TRACE - Reading unresolved handles for type system org.apache.xmlbeans.metadata.system.sXMLCONFIG
16:51:55.919 [main] TRACE - Finished loading type system org.apache.xmlbeans.metadata.system.sXMLCONFIG
16:51:55.920 [main] TRACE - Reading unresolved handles for type system org.apache.poi.schemas.ooxml.system.ooxml
16:51:55.962 [main] TRACE - Finished loading type system org.apache.poi.schemas.ooxml.system.ooxml
16:51:55.963 [main] TRACE - Resolving type for handle themefd26doctype
16:51:56.001 [main] TRACE - Resolving type for handle stylesheet5d8bdoctype
16:51:56.006 [main] TRACE - Resolving type for handle ctstylesheet4257type
16:51:56.009 [main] TRACE - Resolving type for handle ctfonts6623type
16:51:56.011 [main] TRACE - Resolving type for handle ctfont14d8type
16:51:56.019 [main] TRACE - Resolving type for handle ctfills2c6ftype
16:51:56.021 [main] TRACE - Resolving type for handle ctfill550ctype
16:51:56.022 [main] TRACE - Resolving type for handle ctborders0d66type
16:51:56.025 [main] TRACE - Resolving type for handle ctborderf935type
16:51:56.028 [main] TRACE - Resolving type for handle ctcellxfs1322type
16:51:56.030 [main] TRACE - Resolving type for handle ctxf97f7type
16:51:56.035 [main] TRACE - Resolving type for handle ctcellstylexfsa81ftype
16:51:56.036 [main] TRACE - Resolving type for handle ctdxfsb26atype
16:51:56.038 [main] TRACE - Resolving type for handle cttablestyles872ftype
16:51:56.041 [main] TRACE - Resolving type for handle sstf81fdoctype
16:51:56.043 [main] TRACE - Resolving type for handle ctsst44f3type
16:51:56.049 [main] TRACE - Resolving type for handle ctrsta472type
16:51:56.073 [main] DEBUG - using default POIXMLDocumentPart for http://schemas.openxmlformats.org/officeDocument/2006/relationships/printerSettings
16:51:56.077 [main] TRACE - Resolving type for handle workbookec17doctype
16:51:56.082 [main] TRACE - Resolving type for handle ctworkbook83c3type
16:51:56.086 [main] TRACE - Resolving type for handle ctsheets49fdtype
16:51:56.087 [main] TRACE - Resolving type for handle ctsheet4dbetype
16:51:56.088 [main] TRACE - Resolving type for handle strelationshipid1e94type
16:51:56.090 [main] TRACE - Resolving type for handle worksheetf539doctype
16:51:56.094 [main] TRACE - Resolving type for handle ctworksheet530dtype
16:51:56.104 [main] TRACE - Resolving type for handle ctcols627ctype
16:51:56.108 [main] TRACE - Resolving type for handle ctcola95ftype
16:51:56.122 [main] TRACE - Resolving type for handle ctsheetdata8408type
16:51:56.124 [main] TRACE - Resolving type for handle ctrowdd39type
16:51:56.128 [main] TRACE - Resolving type for handle ctcell842btype
16:51:56.132 [main] TRACE - Resolving type for handle stcellrefe4e0type
16:51:56.135 [main] TRACE - Resolving type for handle cthyperlinks6416type
16:51:56.137 [main] TRACE - Resolving type for handle cthyperlink0c85type
16:51:56.140 [main] TRACE - Resolving type for handle stxstringf179type
16:51:56.142 [main] TRACE - Resolving type for handle stcelltypebf95type
16:52:00.149 [main] INFO  - Goto my account-->Click on Login.. 
16:52:00.651 [main] DEBUG - Parsing relationship: /xl/_rels/workbook.xml.rels
16:52:00.653 [main] DEBUG - Parsing relationship: /xl/worksheets/_rels/sheet1.xml.rels
16:52:00.654 [main] DEBUG - Parsing relationship: /_rels/.rels
16:52:00.674 [main] DEBUG - using default POIXMLDocumentPart for http://schemas.openxmlformats.org/officeDocument/2006/relationships/printerSettings
16:52:13.945 [main] INFO  - Goto my account-->Click on Login.. 
16:52:14.412 [main] DEBUG - Parsing relationship: /xl/_rels/workbook.xml.rels
16:52:14.413 [main] DEBUG - Parsing relationship: /xl/worksheets/_rels/sheet1.xml.rels
16:52:14.414 [main] DEBUG - Parsing relationship: /_rels/.rels
16:52:14.424 [main] DEBUG - using default POIXMLDocumentPart for http://schemas.openxmlformats.org/officeDocument/2006/relationships/printerSettings
16:52:18.606 [main] INFO  - Goto my account-->Click on Login.. 
16:52:19.045 [main] DEBUG - Parsing relationship: /xl/_rels/workbook.xml.rels
16:52:19.046 [main] DEBUG - Parsing relationship: /xl/worksheets/_rels/sheet1.xml.rels
16:52:19.047 [main] DEBUG - Parsing relationship: /_rels/.rels
16:52:19.058 [main] DEBUG - using default POIXMLDocumentPart for http://schemas.openxmlformats.org/officeDocument/2006/relationships/printerSettings
16:52:32.432 [main] INFO  - Goto my account-->Click on Login.. 
16:52:32.956 [main] DEBUG - Parsing relationship: /xl/_rels/workbook.xml.rels
16:52:32.957 [main] DEBUG - Parsing relationship: /xl/worksheets/_rels/sheet1.xml.rels
16:52:32.957 [main] DEBUG - Parsing relationship: /_rels/.rels
16:52:32.974 [main] DEBUG - using default POIXMLDocumentPart for http://schemas.openxmlformats.org/officeDocument/2006/relationships/printerSettings
16:57:34.245 [main] INFO  - Goto my account-->Click on Login.. 
16:57:34.903 [main] DEBUG - Parsing relationship: /xl/_rels/workbook.xml.rels
16:57:34.908 [main] DEBUG - Parsing relationship: /xl/worksheets/_rels/sheet1.xml.rels
16:57:34.909 [main] DEBUG - Parsing relationship: /_rels/.rels
16:57:35.048 [main] TRACE - Loading type system org.apache.poi.schemas.ooxml.system.ooxml
16:57:35.051 [main] TRACE - Loading type system org.apache.xmlbeans.metadata.system.sXMLCONFIG
16:57:35.052 [main] TRACE - Loading type system org.apache.xmlbeans.metadata.system.sXMLLANG
16:57:35.052 [main] TRACE - Loading type system org.apache.xmlbeans.metadata.system.sXMLSCHEMA
16:57:35.052 [main] TRACE - Loading type system org.apache.xmlbeans.metadata.system.sXMLTOOLS
16:57:35.053 [main] TRACE - Reading unresolved handles for type system org.apache.xmlbeans.metadata.system.sXMLTOOLS
16:57:35.062 [main] TRACE - Finished loading type system org.apache.xmlbeans.metadata.system.sXMLTOOLS
16:57:35.063 [main] TRACE - Reading unresolved handles for type system org.apache.xmlbeans.metadata.system.sXMLSCHEMA
16:57:35.066 [main] TRACE - Finished loading type system org.apache.xmlbeans.metadata.system.sXMLSCHEMA
16:57:35.067 [main] TRACE - Reading unresolved handles for type system org.apache.xmlbeans.metadata.system.sXMLLANG
16:57:35.067 [main] TRACE - Finished loading type system org.apache.xmlbeans.metadata.system.sXMLLANG
16:57:35.068 [main] TRACE - Reading unresolved handles for type system org.apache.xmlbeans.metadata.system.sXMLCONFIG
16:57:35.069 [main] TRACE - Finished loading type system org.apache.xmlbeans.metadata.system.sXMLCONFIG
16:57:35.069 [main] TRACE - Reading unresolved handles for type system org.apache.poi.schemas.ooxml.system.ooxml
16:57:35.125 [main] TRACE - Finished loading type system org.apache.poi.schemas.ooxml.system.ooxml
16:57:35.125 [main] TRACE - Resolving type for handle themefd26doctype
16:57:35.173 [main] TRACE - Resolving type for handle stylesheet5d8bdoctype
16:57:35.180 [main] TRACE - Resolving type for handle ctstylesheet4257type
16:57:35.183 [main] TRACE - Resolving type for handle ctfonts6623type
16:57:35.186 [main] TRACE - Resolving type for handle ctfont14d8type
16:57:35.193 [main] TRACE - Resolving type for handle ctfills2c6ftype
16:57:35.196 [main] TRACE - Resolving type for handle ctfill550ctype
16:57:35.197 [main] TRACE - Resolving type for handle ctborders0d66type
16:57:35.201 [main] TRACE - Resolving type for handle ctborderf935type
16:57:35.204 [main] TRACE - Resolving type for handle ctcellxfs1322type
16:57:35.207 [main] TRACE - Resolving type for handle ctxf97f7type
16:57:35.210 [main] TRACE - Resolving type for handle ctcellstylexfsa81ftype
16:57:35.212 [main] TRACE - Resolving type for handle ctdxfsb26atype
16:57:35.214 [main] TRACE - Resolving type for handle cttablestyles872ftype
16:57:35.217 [main] TRACE - Resolving type for handle sstf81fdoctype
16:57:35.221 [main] TRACE - Resolving type for handle ctsst44f3type
16:57:35.229 [main] TRACE - Resolving type for handle ctrsta472type
16:57:35.249 [main] DEBUG - using default POIXMLDocumentPart for http://schemas.openxmlformats.org/officeDocument/2006/relationships/printerSettings
16:57:35.250 [main] TRACE - Resolving type for handle workbookec17doctype
16:57:35.255 [main] TRACE - Resolving type for handle ctworkbook83c3type
16:57:35.264 [main] TRACE - Resolving type for handle ctsheets49fdtype
16:57:35.267 [main] TRACE - Resolving type for handle ctsheet4dbetype
16:57:35.270 [main] TRACE - Resolving type for handle strelationshipid1e94type
16:57:35.273 [main] TRACE - Resolving type for handle worksheetf539doctype
16:57:35.278 [main] TRACE - Resolving type for handle ctworksheet530dtype
16:57:35.288 [main] TRACE - Resolving type for handle ctcols627ctype
16:57:35.293 [main] TRACE - Resolving type for handle ctcola95ftype
16:57:35.306 [main] TRACE - Resolving type for handle ctsheetdata8408type
16:57:35.310 [main] TRACE - Resolving type for handle ctrowdd39type
16:57:35.317 [main] TRACE - Resolving type for handle ctcell842btype
16:57:35.322 [main] TRACE - Resolving type for handle stcellrefe4e0type
16:57:35.326 [main] TRACE - Resolving type for handle cthyperlinks6416type
16:57:35.328 [main] TRACE - Resolving type for handle cthyperlink0c85type
16:57:35.332 [main] TRACE - Resolving type for handle stxstringf179type
16:57:35.334 [main] TRACE - Resolving type for handle stcelltypebf95type
16:57:39.451 [main] INFO  - Goto my account-->Click on Login.. 
16:57:40.061 [main] DEBUG - Parsing relationship: /xl/_rels/workbook.xml.rels
16:57:40.063 [main] DEBUG - Parsing relationship: /xl/worksheets/_rels/sheet1.xml.rels
16:57:40.065 [main] DEBUG - Parsing relationship: /_rels/.rels
16:57:40.077 [main] DEBUG - using default POIXMLDocumentPart for http://schemas.openxmlformats.org/officeDocument/2006/relationships/printerSettings
16:57:53.536 [main] INFO  - Goto my account-->Click on Login.. 
16:57:54.391 [main] DEBUG - Parsing relationship: /xl/_rels/workbook.xml.rels
16:57:54.391 [main] DEBUG - Parsing relationship: /xl/worksheets/_rels/sheet1.xml.rels
16:57:54.397 [main] DEBUG - Parsing relationship: /_rels/.rels
16:57:54.420 [main] DEBUG - using default POIXMLDocumentPart for http://schemas.openxmlformats.org/officeDocument/2006/relationships/printerSettings
16:57:59.741 [main] INFO  - Goto my account-->Click on Login.. 
16:58:00.387 [main] DEBUG - Parsing relationship: /xl/_rels/workbook.xml.rels
16:58:00.387 [main] DEBUG - Parsing relationship: /xl/worksheets/_rels/sheet1.xml.rels
16:58:00.387 [main] DEBUG - Parsing relationship: /_rels/.rels
16:58:00.407 [main] DEBUG - using default POIXMLDocumentPart for http://schemas.openxmlformats.org/officeDocument/2006/relationships/printerSettings
16:58:13.884 [main] INFO  - Goto my account-->Click on Login.. 
16:58:14.570 [main] DEBUG - Parsing relationship: /xl/_rels/workbook.xml.rels
16:58:14.571 [main] DEBUG - Parsing relationship: /xl/worksheets/_rels/sheet1.xml.rels
16:58:14.572 [main] DEBUG - Parsing relationship: /_rels/.rels
16:58:14.580 [main] DEBUG - using default POIXMLDocumentPart for http://schemas.openxmlformats.org/officeDocument/2006/relationships/printerSettings
22:09:45.401 [main] INFO  - Goto my account-->Click on Login.. 
22:09:46.598 [main] DEBUG - Parsing relationship: /xl/_rels/workbook.xml.rels
22:09:46.598 [main] DEBUG - Parsing relationship: /xl/worksheets/_rels/sheet1.xml.rels
22:09:46.598 [main] DEBUG - Parsing relationship: /_rels/.rels
22:09:46.771 [main] TRACE - Loading type system org.apache.poi.schemas.ooxml.system.ooxml
22:09:46.786 [main] TRACE - Loading type system org.apache.xmlbeans.metadata.system.sXMLCONFIG
22:09:46.786 [main] TRACE - Loading type system org.apache.xmlbeans.metadata.system.sXMLLANG
22:09:46.786 [main] TRACE - Loading type system org.apache.xmlbeans.metadata.system.sXMLSCHEMA
22:09:46.786 [main] TRACE - Loading type system org.apache.xmlbeans.metadata.system.sXMLTOOLS
22:09:46.786 [main] TRACE - Reading unresolved handles for type system org.apache.xmlbeans.metadata.system.sXMLTOOLS
22:09:46.802 [main] TRACE - Finished loading type system org.apache.xmlbeans.metadata.system.sXMLTOOLS
22:09:46.802 [main] TRACE - Reading unresolved handles for type system org.apache.xmlbeans.metadata.system.sXMLSCHEMA
22:09:46.802 [main] TRACE - Finished loading type system org.apache.xmlbeans.metadata.system.sXMLSCHEMA
22:09:46.817 [main] TRACE - Reading unresolved handles for type system org.apache.xmlbeans.metadata.system.sXMLLANG
22:09:46.817 [main] TRACE - Finished loading type system org.apache.xmlbeans.metadata.system.sXMLLANG
22:09:46.817 [main] TRACE - Reading unresolved handles for type system org.apache.xmlbeans.metadata.system.sXMLCONFIG
22:09:46.817 [main] TRACE - Finished loading type system org.apache.xmlbeans.metadata.system.sXMLCONFIG
22:09:46.817 [main] TRACE - Reading unresolved handles for type system org.apache.poi.schemas.ooxml.system.ooxml
22:09:46.880 [main] TRACE - Finished loading type system org.apache.poi.schemas.ooxml.system.ooxml
22:09:46.880 [main] TRACE - Resolving type for handle themefd26doctype
22:09:46.927 [main] TRACE - Resolving type for handle stylesheet5d8bdoctype
22:09:46.942 [main] TRACE - Resolving type for handle ctstylesheet4257type
22:09:46.942 [main] TRACE - Resolving type for handle ctfonts6623type
22:09:46.942 [main] TRACE - Resolving type for handle ctfont14d8type
22:09:46.942 [main] TRACE - Resolving type for handle ctfills2c6ftype
22:09:46.958 [main] TRACE - Resolving type for handle ctfill550ctype
22:09:46.958 [main] TRACE - Resolving type for handle ctborders0d66type
22:09:46.958 [main] TRACE - Resolving type for handle ctborderf935type
22:09:46.958 [main] TRACE - Resolving type for handle ctcellxfs1322type
22:09:46.958 [main] TRACE - Resolving type for handle ctxf97f7type
22:09:46.974 [main] TRACE - Resolving type for handle ctcellstylexfsa81ftype
22:09:46.974 [main] TRACE - Resolving type for handle ctdxfsb26atype
22:09:46.974 [main] TRACE - Resolving type for handle cttablestyles872ftype
22:09:46.974 [main] TRACE - Resolving type for handle sstf81fdoctype
22:09:46.974 [main] TRACE - Resolving type for handle ctsst44f3type
22:09:46.989 [main] TRACE - Resolving type for handle ctrsta472type
22:09:47.022 [main] DEBUG - using default POIXMLDocumentPart for http://schemas.openxmlformats.org/officeDocument/2006/relationships/printerSettings
22:09:47.022 [main] TRACE - Resolving type for handle workbookec17doctype
22:09:47.022 [main] TRACE - Resolving type for handle ctworkbook83c3type
22:09:47.037 [main] TRACE - Resolving type for handle ctsheets49fdtype
22:09:47.037 [main] TRACE - Resolving type for handle ctsheet4dbetype
22:09:47.037 [main] TRACE - Resolving type for handle strelationshipid1e94type
22:09:47.037 [main] TRACE - Resolving type for handle worksheetf539doctype
22:09:47.037 [main] TRACE - Resolving type for handle ctworksheet530dtype
22:09:47.053 [main] TRACE - Resolving type for handle ctcols627ctype
22:09:47.053 [main] TRACE - Resolving type for handle ctcola95ftype
22:09:47.068 [main] TRACE - Resolving type for handle ctsheetdata8408type
22:09:47.068 [main] TRACE - Resolving type for handle ctrowdd39type
22:09:47.084 [main] TRACE - Resolving type for handle ctcell842btype
22:09:47.084 [main] TRACE - Resolving type for handle stcellrefe4e0type
22:09:47.100 [main] TRACE - Resolving type for handle cthyperlinks6416type
22:09:47.100 [main] TRACE - Resolving type for handle cthyperlink0c85type
22:09:47.100 [main] TRACE - Resolving type for handle stxstringf179type
22:09:47.100 [main] TRACE - Resolving type for handle stcelltypebf95type
22:09:52.343 [main] INFO  - Goto my account-->Click on Login.. 
22:09:53.104 [main] DEBUG - Parsing relationship: /xl/_rels/workbook.xml.rels
22:09:53.105 [main] DEBUG - Parsing relationship: /xl/worksheets/_rels/sheet1.xml.rels
22:09:53.106 [main] DEBUG - Parsing relationship: /_rels/.rels
22:09:53.109 [main] DEBUG - using default POIXMLDocumentPart for http://schemas.openxmlformats.org/officeDocument/2006/relationships/printerSettings
22:10:06.742 [main] INFO  - Goto my account-->Click on Login.. 
22:10:07.325 [main] DEBUG - Parsing relationship: /xl/_rels/workbook.xml.rels
22:10:07.327 [main] DEBUG - Parsing relationship: /xl/worksheets/_rels/sheet1.xml.rels
22:10:07.329 [main] DEBUG - Parsing relationship: /_rels/.rels
22:10:07.336 [main] DEBUG - using default POIXMLDocumentPart for http://schemas.openxmlformats.org/officeDocument/2006/relationships/printerSettings
22:10:14.603 [main] INFO  - Goto my account-->Click on Login.. 
22:10:15.118 [main] DEBUG - Parsing relationship: /xl/_rels/workbook.xml.rels
22:10:15.118 [main] DEBUG - Parsing relationship: /xl/worksheets/_rels/sheet1.xml.rels
22:10:15.130 [main] DEBUG - Parsing relationship: /_rels/.rels
22:10:15.143 [main] DEBUG - using default POIXMLDocumentPart for http://schemas.openxmlformats.org/officeDocument/2006/relationships/printerSettings
22:10:28.474 [main] INFO  - Goto my account-->Click on Login.. 
22:10:28.965 [main] DEBUG - Parsing relationship: /xl/_rels/workbook.xml.rels
22:10:28.966 [main] DEBUG - Parsing relationship: /xl/worksheets/_rels/sheet1.xml.rels
22:10:28.967 [main] DEBUG - Parsing relationship: /_rels/.rels
22:10:28.973 [main] DEBUG - using default POIXMLDocumentPart for http://schemas.openxmlformats.org/officeDocument/2006/relationships/printerSettings
23:09:21.483 [main] INFO  - Goto my account-->Click on Login.. 
23:12:03.226 [main] INFO  - Goto my account-->Click on Login.. 
23:12:03.741 [main] INFO  - Entering email and password.. 
23:12:04.009 [main] INFO  - clicked on login button...
